<?xml version="1.0" encoding="UTF-8"?>
<testng-results ignored="0" total="1" passed="1" failed="0" skipped="0">
  <reporter-output>
  </reporter-output>
  <suite started-at="2024-04-26T13:56:33 IST" name="Surefire suite" finished-at="2024-04-26T13:56:52 IST" duration-ms="19213">
    <groups>
    </groups>
    <test started-at="2024-04-26T13:56:33 IST" name="Surefire test" finished-at="2024-04-26T13:56:52 IST" duration-ms="19213">
      <class name="mavenforjenkins.UITest">
        <test-method signature="startBrowser()[pri:0, instance:mavenforjenkins.UITest@525b461a]" started-at="2024-04-26T13:56:33 IST" name="startBrowser" finished-at="2024-04-26T13:56:52 IST" duration-ms="19112" status="PASS">
          <reporter-output>
          </reporter-output>
        </test-method> <!-- startBrowser -->
      </class> <!-- mavenforjenkins.UITest -->
    </test> <!-- Surefire test -->
  </suite> <!-- Surefire suite -->
</testng-results>
